<?xml version="1.0" encoding="UTF-8"?>
<!-- Generated by org.testng.reporters.JUnitXMLReporter -->
<testsuite ignored="2" hostname="DESKTOP-9841J3A" failures="0" tests="1" name="Default test" time="32.892" errors="0" timestamp="2023-10-29T17:49:04 IST">
  <testcase classname="com.fastparking.testcases.TC_Bookings" name="verifyBokingDetails" time="24.645"/>
  <testcase classname="com.fastparking.testcases.TC_Bookings" name="verifBookingsCount" time="0.0">
    <ignored/>
  </testcase> <!-- verifBookingsCount -->
  <testcase classname="com.fastparking.testcases.TC_Bookings" name="verifyParticulerOwnerBooking" time="0.0">
    <ignored/>
  </testcase> <!-- verifyParticulerOwnerBooking -->
</testsuite> <!-- Default test -->
