<?xml version="1.0" encoding="UTF-8"?>
<!-- Generated by org.testng.reporters.JUnitXMLReporter -->
<testsuite ignored="0" hostname="DESKTOP-9841J3A" failures="0" tests="5" name="Default test" time="83.506" errors="0" timestamp="2023-10-27T00:11:24 IST">
  <testcase classname="com.fastparking.testcases.TC_ParkingOwners" name="verifyAddParkingOwner" time="16.123"/>
  <testcase classname="com.fastparking.testcases.TC_ParkingOwners" name="verifyAddParkingOwner" time="15.043"/>
  <testcase classname="com.fastparking.testcases.TC_ParkingOwners" name="verifyAddParkingOwner" time="14.737"/>
  <testcase classname="com.fastparking.testcases.TC_ParkingOwners" name="verifyAddParkingOwner" time="14.638"/>
  <testcase classname="com.fastparking.testcases.TC_ParkingOwners" name="verifyAddParkingOwner" time="14.837"/>
</testsuite> <!-- Default test -->
