<?xml version="1.0" encoding="UTF-8"?>
<testng-results ignored="2" total="3" passed="1" failed="0" skipped="0">
  <reporter-output>
  </reporter-output>
  <suite started-at="2023-10-29T17:48:31 IST" name="Default suite" finished-at="2023-10-29T17:49:04 IST" duration-ms="32892">
    <groups>
    </groups>
    <test started-at="2023-10-29T17:48:31 IST" name="Default test" finished-at="2023-10-29T17:49:04 IST" duration-ms="32892">
      <class name="com.fastparking.testcases.TC_Bookings">
        <test-method is-config="true" signature="setup()[pri:0, instance:com.fastparking.testcases.TC_Bookings@2dc54ad4]" started-at="2023-10-29T17:48:31 IST" name="setup" finished-at="2023-10-29T17:48:39 IST" duration-ms="8189" status="PASS">
          <reporter-output>
          </reporter-output>
        </test-method> <!-- setup -->
        <test-method signature="verifyBokingDetails()[pri:0, instance:com.fastparking.testcases.TC_Bookings@2dc54ad4]" started-at="2023-10-29T17:48:39 IST" name="verifyBokingDetails" finished-at="2023-10-29T17:49:04 IST" duration-ms="24645" status="PASS">
          <reporter-output>
          </reporter-output>
        </test-method> <!-- verifyBokingDetails -->
        <test-method is-config="true" signature="tearDown()[pri:0, instance:com.fastparking.testcases.TC_Bookings@2dc54ad4]" started-at="2023-10-29T17:49:04 IST" name="tearDown" finished-at="2023-10-29T17:49:04 IST" duration-ms="0" status="PASS">
          <reporter-output>
          </reporter-output>
        </test-method> <!-- tearDown -->
      </class> <!-- com.fastparking.testcases.TC_Bookings -->
    </test> <!-- Default test -->
  </suite> <!-- Default suite -->
</testng-results>
